<?xml version="1.0" encoding="UTF-8"?>
<testng-results skipped="0" failed="0" ignored="0" total="1" passed="1">
  <reporter-output>
  </reporter-output>
  <suite name="Surefire suite" duration-ms="16722" started-at="2018-10-04T09:24:25Z" finished-at="2018-10-04T09:24:42Z">
    <groups>
    </groups>
    <test name="Surefire test" duration-ms="16722" started-at="2018-10-04T09:24:25Z" finished-at="2018-10-04T09:24:42Z">
      <class name="testcases.TestCase1">
        <test-method status="PASS" signature="setUp()[pri:0, instance:testcases.TestCase1@783e6358]" name="setUp" is-config="true" duration-ms="2248" started-at="2018-10-04T14:54:25Z" finished-at="2018-10-04T14:54:27Z">
          <reporter-output>
          </reporter-output>
        </test-method> <!-- setUp -->
        <test-method status="PASS" signature="verifyHomePage()[pri:0, instance:testcases.TestCase1@783e6358]" name="verifyHomePage" duration-ms="14448" started-at="2018-10-04T14:54:27Z" finished-at="2018-10-04T14:54:42Z">
          <reporter-output>
          </reporter-output>
        </test-method> <!-- verifyHomePage -->
      </class> <!-- testcases.TestCase1 -->
    </test> <!-- Surefire test -->
  </suite> <!-- Surefire suite -->
</testng-results>
