<?xml version="1.0" encoding="UTF-8"?>
<testng-results skipped="0" failed="0" ignored="0" total="1" passed="1">
  <reporter-output>
  </reporter-output>
  <suite name="Default suite" duration-ms="16415" started-at="2018-10-04T09:23:29Z" finished-at="2018-10-04T09:23:45Z">
    <groups>
    </groups>
    <test name="Default test" duration-ms="16415" started-at="2018-10-04T09:23:29Z" finished-at="2018-10-04T09:23:45Z">
      <class name="testcases.TestCase1">
        <test-method status="PASS" signature="setUp()[pri:0, instance:testcases.TestCase1@74ad1f1f]" name="setUp" is-config="true" duration-ms="2211" started-at="2018-10-04T09:23:29Z" finished-at="2018-10-04T09:23:31Z">
          <reporter-output>
          </reporter-output>
        </test-method> <!-- setUp -->
        <test-method status="PASS" signature="verifyHomePage()[pri:0, instance:testcases.TestCase1@74ad1f1f]" name="verifyHomePage" duration-ms="14168" started-at="2018-10-04T09:23:31Z" finished-at="2018-10-04T09:23:45Z">
          <reporter-output>
          </reporter-output>
        </test-method> <!-- verifyHomePage -->
      </class> <!-- testcases.TestCase1 -->
    </test> <!-- Default test -->
  </suite> <!-- Default suite -->
</testng-results>
